---------------Configurations:------------------ 
ignore_online_nw_characteristics = false
M_veh = 8
lambda_niu = 200.000000
M_eMBB = 4
M_mMTC = 120
p_voip_mMTC = 0.250
p_mMTC_tx = 0.050000
p_voip_tx = 0.950000
max_mMTC_packet_size = 128
voip_packet_size = 1024
sim_nr_drops_per_round per round = 10
sim_nr_round = 20
------------------------------------------------ 
start ul network model...
PRB utilization at t=1: 0.000000/66.666667, 0.000000/66.666667, 66.666667/66.666667
PRB utilization at t=2: 0.000000/66.666667, 1.463812/66.666667, 1.320604/66.666667
PRB utilization at t=3: 43.551686/66.666667, 3.874324/66.666667, 4.952011/66.666667
PRB utilization at t=4: 10.252175/66.666667, 7.177329/66.666667, 4.436508/66.666667
PRB utilization at t=5: 43.628431/66.666667, 12.256754/66.666667, 2.734301/66.666667
PRB utilization at t=6: 15.406388/66.666667, 11.123843/66.666667, 0.310841/66.666667
PRB utilization at t=7: 39.493234/66.666667, 10.145133/66.666667, 1.806156/66.666667
PRB utilization at t=8: 51.962424/66.666667, 14.437869/66.666667, 0.712697/66.666667
PRB utilization at t=9: 58.490132/66.666667, 3.448533/66.666667, 0.681857/66.666667
PRB utilization at t=10: 61.193895/66.666667, 31.440026/66.666667, 0.000000/66.666667

avg prb utilization at round (1) = 0.251
slicing ratio updated after round (1) = 0.340 0.510 0.150
PRB utilization at t=1: 68.000000/68.000000, 17.178135/102.000000, 30.000000/30.000000
PRB utilization at t=2: 51.924915/68.000000, 17.597903/102.000000, 1.451713/30.000000
PRB utilization at t=3: 68.000000/68.000000, 33.468474/102.000000, 8.361165/30.000000
PRB utilization at t=4: 68.000000/68.000000, 32.979287/102.000000, 0.050385/30.000000
PRB utilization at t=5: 68.000000/68.000000, 18.639482/102.000000, 0.364993/30.000000
PRB utilization at t=6: 58.369455/68.000000, 40.180051/102.000000, 8.632954/30.000000
PRB utilization at t=7: 68.000000/68.000000, 94.406742/102.000000, 0.026585/30.000000
PRB utilization at t=8: 68.000000/68.000000, 22.797090/102.000000, 0.005051/30.000000
PRB utilization at t=9: 68.000000/68.000000, 38.519672/102.000000, 0.088601/30.000000
PRB utilization at t=10: 58.027861/68.000000, 35.168688/102.000000, 6.211604/30.000000

avg prb utilization at round (2) = 0.525
slicing ratio updated after round (2) = 0.810 0.090 0.100
PRB utilization at t=1: 147.962317/162.000000, 18.000000/18.000000, 20.000000/20.000000
PRB utilization at t=2: 95.391648/162.000000, 18.000000/18.000000, 0.176820/20.000000
PRB utilization at t=3: 131.175926/162.000000, 18.000000/18.000000, 2.658674/20.000000
PRB utilization at t=4: 70.571753/162.000000, 17.537659/18.000000, 2.913411/20.000000
PRB utilization at t=5: 162.000000/162.000000, 18.000000/18.000000, 4.656346/20.000000
PRB utilization at t=6: 107.888341/162.000000, 18.000000/18.000000, 0.721464/20.000000
PRB utilization at t=7: 114.064544/162.000000, 18.000000/18.000000, 0.587301/20.000000
PRB utilization at t=8: 134.433108/162.000000, 18.000000/18.000000, 0.197858/20.000000
PRB utilization at t=9: 62.905999/162.000000, 18.000000/18.000000, 0.536339/20.000000
PRB utilization at t=10: 93.929604/162.000000, 18.000000/18.000000, 0.010101/20.000000

avg prb utilization at round (3) = 0.666
slicing ratio updated after round (3) = 0.865 0.105 0.030
PRB utilization at t=1: 45.339238/172.928456, 21.071544/21.071544, 6.000000/6.000000
PRB utilization at t=2: 113.639290/172.928456, 21.071544/21.071544, 0.231458/6.000000
PRB utilization at t=3: 172.928456/172.928456, 21.071544/21.071544, 0.040242/6.000000
PRB utilization at t=4: 172.928456/172.928456, 21.071544/21.071544, 0.005051/6.000000
PRB utilization at t=5: 130.893306/172.928456, 21.071544/21.071544, 0.125897/6.000000
PRB utilization at t=6: 119.680535/172.928456, 21.071544/21.071544, 6.000000/6.000000
PRB utilization at t=7: 172.928456/172.928456, 21.071544/21.071544, 1.720190/6.000000
PRB utilization at t=8: 172.928456/172.928456, 21.071544/21.071544, 6.000000/6.000000
PRB utilization at t=9: 172.928456/172.928456, 21.071544/21.071544, 0.067055/6.000000
PRB utilization at t=10: 113.715437/172.928456, 21.071544/21.071544, 0.152939/6.000000

avg prb utilization at round (4) = 0.809
slicing ratio updated after round (4) = 0.143 0.807 0.050
PRB utilization at t=1: 28.500000/28.500000, 49.650538/161.500000, 10.000000/10.000000
PRB utilization at t=2: 28.500000/28.500000, 90.077037/161.500000, 0.528693/10.000000
PRB utilization at t=3: 28.500000/28.500000, 60.874867/161.500000, 10.000000/10.000000
PRB utilization at t=4: 28.500000/28.500000, 37.749664/161.500000, 1.439558/10.000000
PRB utilization at t=5: 28.500000/28.500000, 161.500000/161.500000, 0.000000/10.000000
PRB utilization at t=6: 28.500000/28.500000, 87.954755/161.500000, 2.672906/10.000000
PRB utilization at t=7: 28.500000/28.500000, 53.307573/161.500000, 0.000000/10.000000
PRB utilization at t=8: 28.500000/28.500000, 119.641940/161.500000, 1.043324/10.000000
PRB utilization at t=9: 28.500000/28.500000, 125.068539/161.500000, 0.367456/10.000000
PRB utilization at t=10: 28.500000/28.500000, 82.944562/161.500000, 1.693346/10.000000

avg prb utilization at round (5) = 0.591
slicing ratio updated after round (5) = 0.806 0.164 0.030
PRB utilization at t=1: 161.205940/161.205940, 32.794060/32.794060, 6.000000/6.000000
PRB utilization at t=2: 161.205940/161.205940, 32.794060/32.794060, 0.834787/6.000000
PRB utilization at t=3: 161.205940/161.205940, 32.794060/32.794060, 0.074286/6.000000
PRB utilization at t=4: 161.205940/161.205940, 32.794060/32.794060, 0.087048/6.000000
PRB utilization at t=5: 161.205940/161.205940, 32.794060/32.794060, 1.120187/6.000000
PRB utilization at t=6: 161.205940/161.205940, 32.794060/32.794060, 0.206113/6.000000
PRB utilization at t=7: 161.205940/161.205940, 32.794060/32.794060, 0.343467/6.000000
PRB utilization at t=8: 161.205940/161.205940, 32.794060/32.794060, 0.074167/6.000000
PRB utilization at t=9: 161.205940/161.205940, 32.794060/32.794060, 1.255266/6.000000
PRB utilization at t=10: 161.205940/161.205940, 32.794060/32.794060, 0.000000/6.000000

avg prb utilization at round (6) = 0.975
slicing ratio updated after round (6) = 0.247 0.738 0.015
PRB utilization at t=1: 49.491138/49.491138, 138.644901/147.508862, 3.000000/3.000000
PRB utilization at t=2: 49.491138/49.491138, 147.508862/147.508862, 3.000000/3.000000
PRB utilization at t=3: 49.491138/49.491138, 147.508862/147.508862, 2.876473/3.000000
PRB utilization at t=4: 49.491138/49.491138, 124.851307/147.508862, 3.000000/3.000000
PRB utilization at t=5: 49.491138/49.491138, 111.058091/147.508862, 0.123488/3.000000
PRB utilization at t=6: 49.491138/49.491138, 105.745829/147.508862, 0.935049/3.000000
PRB utilization at t=7: 49.491138/49.491138, 147.508862/147.508862, 1.290962/3.000000
PRB utilization at t=8: 49.491138/49.491138, 147.508862/147.508862, 0.924184/3.000000
PRB utilization at t=9: 49.491138/49.491138, 73.579336/147.508862, 0.000000/3.000000
PRB utilization at t=10: 49.491138/49.491138, 87.861265/147.508862, 0.149029/3.000000

avg prb utilization at round (7) = 0.871
slicing ratio updated after round (7) = 0.285 0.665 0.050
PRB utilization at t=1: 57.000000/57.000000, 133.000000/133.000000, 10.000000/10.000000
PRB utilization at t=2: 57.000000/57.000000, 133.000000/133.000000, 0.348142/10.000000
PRB utilization at t=3: 57.000000/57.000000, 133.000000/133.000000, 1.145950/10.000000
PRB utilization at t=4: 57.000000/57.000000, 133.000000/133.000000, 0.159137/10.000000
PRB utilization at t=5: 57.000000/57.000000, 133.000000/133.000000, 0.079098/10.000000
PRB utilization at t=6: 57.000000/57.000000, 133.000000/133.000000, 0.119198/10.000000
PRB utilization at t=7: 57.000000/57.000000, 133.000000/133.000000, 0.547177/10.000000
PRB utilization at t=8: 57.000000/57.000000, 133.000000/133.000000, 0.924360/10.000000
PRB utilization at t=9: 57.000000/57.000000, 133.000000/133.000000, 0.018488/10.000000
PRB utilization at t=10: 57.000000/57.000000, 133.000000/133.000000, 10.000000/10.000000

avg prb utilization at round (8) = 0.962
slicing ratio updated after round (8) = 0.770 0.139 0.091
PRB utilization at t=1: 153.919397/153.919397, 27.894308/27.894308, 18.186296/18.186296
PRB utilization at t=2: 153.919397/153.919397, 27.894308/27.894308, 0.059377/18.186296
PRB utilization at t=3: 153.919397/153.919397, 27.894308/27.894308, 1.033578/18.186296
PRB utilization at t=4: 153.919397/153.919397, 27.894308/27.894308, 0.079607/18.186296
PRB utilization at t=5: 153.919397/153.919397, 27.894308/27.894308, 4.560227/18.186296
PRB utilization at t=6: 153.919397/153.919397, 27.894308/27.894308, 1.415672/18.186296
PRB utilization at t=7: 153.919397/153.919397, 27.894308/27.894308, 0.196395/18.186296
PRB utilization at t=8: 153.919397/153.919397, 27.894308/27.894308, 0.080808/18.186296
PRB utilization at t=9: 153.919397/153.919397, 27.894308/27.894308, 0.607054/18.186296
PRB utilization at t=10: 153.919397/153.919397, 27.894308/27.894308, 3.550401/18.186296

avg prb utilization at round (9) = 0.924
slicing ratio updated after round (9) = 0.360 0.540 0.100
PRB utilization at t=1: 72.000000/72.000000, 108.000000/108.000000, 20.000000/20.000000
PRB utilization at t=2: 72.000000/72.000000, 108.000000/108.000000, 1.593468/20.000000
PRB utilization at t=3: 72.000000/72.000000, 108.000000/108.000000, 5.739374/20.000000
PRB utilization at t=4: 72.000000/72.000000, 108.000000/108.000000, 0.594329/20.000000
PRB utilization at t=5: 72.000000/72.000000, 108.000000/108.000000, 0.025264/20.000000
PRB utilization at t=6: 72.000000/72.000000, 108.000000/108.000000, 0.591105/20.000000
PRB utilization at t=7: 72.000000/72.000000, 108.000000/108.000000, 1.240952/20.000000
PRB utilization at t=8: 72.000000/72.000000, 108.000000/108.000000, 2.919403/20.000000
PRB utilization at t=9: 72.000000/72.000000, 108.000000/108.000000, 0.431890/20.000000
PRB utilization at t=10: 72.000000/72.000000, 108.000000/108.000000, 1.365496/20.000000

avg prb utilization at round (10) = 0.917
slicing ratio updated after round (10) = 0.160 0.640 0.200
PRB utilization at t=1: 32.000000/32.000000, 128.000000/128.000000, 40.000000/40.000000
PRB utilization at t=2: 32.000000/32.000000, 128.000000/128.000000, 0.500640/40.000000
PRB utilization at t=3: 32.000000/32.000000, 116.220401/128.000000, 2.020908/40.000000
PRB utilization at t=4: 32.000000/32.000000, 128.000000/128.000000, 10.044815/40.000000
PRB utilization at t=5: 32.000000/32.000000, 128.000000/128.000000, 5.426481/40.000000
PRB utilization at t=6: 32.000000/32.000000, 128.000000/128.000000, 8.691214/40.000000
PRB utilization at t=7: 32.000000/32.000000, 128.000000/128.000000, 7.985442/40.000000
PRB utilization at t=8: 32.000000/32.000000, 128.000000/128.000000, 5.076507/40.000000
PRB utilization at t=9: 32.000000/32.000000, 128.000000/128.000000, 0.160580/40.000000
PRB utilization at t=10: 32.000000/32.000000, 128.000000/128.000000, 0.083501/40.000000

avg prb utilization at round (11) = 0.834
slicing ratio updated after round (11) = 0.680 0.170 0.150
PRB utilization at t=1: 136.000000/136.000000, 34.000000/34.000000, 30.000000/30.000000
PRB utilization at t=2: 136.000000/136.000000, 34.000000/34.000000, 11.597499/30.000000
PRB utilization at t=3: 136.000000/136.000000, 34.000000/34.000000, 1.648398/30.000000
PRB utilization at t=4: 136.000000/136.000000, 34.000000/34.000000, 0.167607/30.000000
PRB utilization at t=5: 136.000000/136.000000, 34.000000/34.000000, 0.028031/30.000000
PRB utilization at t=6: 136.000000/136.000000, 34.000000/34.000000, 0.020202/30.000000
PRB utilization at t=7: 136.000000/136.000000, 34.000000/34.000000, 4.160593/30.000000
PRB utilization at t=8: 136.000000/136.000000, 34.000000/34.000000, 0.502226/30.000000
PRB utilization at t=9: 136.000000/136.000000, 34.000000/34.000000, 1.084959/30.000000
PRB utilization at t=10: 136.000000/136.000000, 34.000000/34.000000, 2.915037/30.000000

avg prb utilization at round (12) = 0.876
slicing ratio updated after round (12) = 0.855 0.095 0.050
PRB utilization at t=1: 171.000000/171.000000, 19.000000/19.000000, 10.000000/10.000000
PRB utilization at t=2: 171.000000/171.000000, 19.000000/19.000000, 3.520822/10.000000
PRB utilization at t=3: 171.000000/171.000000, 19.000000/19.000000, 5.531868/10.000000
PRB utilization at t=4: 171.000000/171.000000, 19.000000/19.000000, 1.239023/10.000000
PRB utilization at t=5: 171.000000/171.000000, 19.000000/19.000000, 0.086659/10.000000
PRB utilization at t=6: 171.000000/171.000000, 19.000000/19.000000, 0.845208/10.000000
PRB utilization at t=7: 171.000000/171.000000, 19.000000/19.000000, 0.513196/10.000000
PRB utilization at t=8: 171.000000/171.000000, 19.000000/19.000000, 0.520697/10.000000
PRB utilization at t=9: 171.000000/171.000000, 19.000000/19.000000, 0.040404/10.000000
PRB utilization at t=10: 171.000000/171.000000, 19.000000/19.000000, 0.251276/10.000000

avg prb utilization at round (13) = 0.961
slicing ratio updated after round (13) = 0.509 0.476 0.015
PRB utilization at t=1: 101.785224/101.785224, 95.214776/95.214776, 3.000000/3.000000
PRB utilization at t=2: 101.785224/101.785224, 95.214776/95.214776, 0.000000/3.000000
PRB utilization at t=3: 101.785224/101.785224, 95.214776/95.214776, 2.165027/3.000000
PRB utilization at t=4: 101.785224/101.785224, 95.214776/95.214776, 0.340474/3.000000
PRB utilization at t=5: 101.785224/101.785224, 95.214776/95.214776, 0.391246/3.000000
PRB utilization at t=6: 101.785224/101.785224, 95.214776/95.214776, 0.043346/3.000000
PRB utilization at t=7: 101.785224/101.785224, 95.214776/95.214776, 0.257828/3.000000
PRB utilization at t=8: 101.785224/101.785224, 95.214776/95.214776, 3.000000/3.000000
PRB utilization at t=9: 101.785224/101.785224, 95.214776/95.214776, 0.140624/3.000000
PRB utilization at t=10: 101.785224/101.785224, 95.214776/95.214776, 0.448887/3.000000

avg prb utilization at round (14) = 0.990
slicing ratio updated after round (14) = 0.760 0.190 0.050
PRB utilization at t=1: 152.000000/152.000000, 38.000000/38.000000, 10.000000/10.000000
PRB utilization at t=2: 152.000000/152.000000, 38.000000/38.000000, 0.299349/10.000000
PRB utilization at t=3: 152.000000/152.000000, 38.000000/38.000000, 0.059936/10.000000
PRB utilization at t=4: 152.000000/152.000000, 38.000000/38.000000, 1.581192/10.000000
PRB utilization at t=5: 152.000000/152.000000, 38.000000/38.000000, 3.708019/10.000000
PRB utilization at t=6: 152.000000/152.000000, 38.000000/38.000000, 0.629546/10.000000
PRB utilization at t=7: 152.000000/152.000000, 38.000000/38.000000, 3.804655/10.000000
PRB utilization at t=8: 152.000000/152.000000, 38.000000/38.000000, 0.226145/10.000000
PRB utilization at t=9: 152.000000/152.000000, 38.000000/38.000000, 0.000000/10.000000
PRB utilization at t=10: 152.000000/152.000000, 38.000000/38.000000, 1.041332/10.000000

avg prb utilization at round (15) = 0.961
slicing ratio updated after round (15) = 0.726 0.244 0.030
PRB utilization at t=1: 145.125094/145.125094, 48.874906/48.874906, 6.000000/6.000000
PRB utilization at t=2: 145.125094/145.125094, 48.874906/48.874906, 0.093452/6.000000
PRB utilization at t=3: 145.125094/145.125094, 48.874906/48.874906, 0.000000/6.000000
PRB utilization at t=4: 145.125094/145.125094, 48.874906/48.874906, 0.582876/6.000000
PRB utilization at t=5: 145.125094/145.125094, 48.874906/48.874906, 0.727958/6.000000
PRB utilization at t=6: 145.125094/145.125094, 48.874906/48.874906, 0.132275/6.000000
PRB utilization at t=7: 145.125094/145.125094, 48.874906/48.874906, 0.611865/6.000000
PRB utilization at t=8: 145.125094/145.125094, 48.874906/48.874906, 0.005051/6.000000
PRB utilization at t=9: 145.125094/145.125094, 48.874906/48.874906, 0.000000/6.000000
PRB utilization at t=10: 145.125094/145.125094, 48.874906/48.874906, 2.800978/6.000000

avg prb utilization at round (16) = 0.975
slicing ratio updated after round (16) = 0.585 0.315 0.100
PRB utilization at t=1: 117.000000/117.000000, 63.000000/63.000000, 20.000000/20.000000
PRB utilization at t=2: 117.000000/117.000000, 63.000000/63.000000, 0.325305/20.000000
PRB utilization at t=3: 117.000000/117.000000, 63.000000/63.000000, 1.375292/20.000000
PRB utilization at t=4: 117.000000/117.000000, 63.000000/63.000000, 14.623288/20.000000
PRB utilization at t=5: 117.000000/117.000000, 63.000000/63.000000, 0.188188/20.000000
PRB utilization at t=6: 117.000000/117.000000, 63.000000/63.000000, 0.380522/20.000000
PRB utilization at t=7: 117.000000/117.000000, 63.000000/63.000000, 2.948750/20.000000
PRB utilization at t=8: 117.000000/117.000000, 63.000000/63.000000, 1.443146/20.000000
PRB utilization at t=9: 117.000000/117.000000, 63.000000/63.000000, 8.024622/20.000000
PRB utilization at t=10: 117.000000/117.000000, 63.000000/63.000000, 4.133464/20.000000

avg prb utilization at round (17) = 0.927
slicing ratio updated after round (17) = 0.510 0.340 0.150
PRB utilization at t=1: 102.000000/102.000000, 68.000000/68.000000, 30.000000/30.000000
PRB utilization at t=2: 102.000000/102.000000, 68.000000/68.000000, 10.363479/30.000000
PRB utilization at t=3: 102.000000/102.000000, 68.000000/68.000000, 1.472755/30.000000
PRB utilization at t=4: 102.000000/102.000000, 68.000000/68.000000, 4.295441/30.000000
PRB utilization at t=5: 102.000000/102.000000, 68.000000/68.000000, 0.619120/30.000000
PRB utilization at t=6: 102.000000/102.000000, 68.000000/68.000000, 0.418933/30.000000
PRB utilization at t=7: 102.000000/102.000000, 68.000000/68.000000, 0.036972/30.000000
PRB utilization at t=8: 102.000000/102.000000, 68.000000/68.000000, 0.000000/30.000000
PRB utilization at t=9: 102.000000/102.000000, 68.000000/68.000000, 0.018958/30.000000
PRB utilization at t=10: 102.000000/102.000000, 68.000000/68.000000, 1.898868/30.000000

avg prb utilization at round (18) = 0.875
slicing ratio updated after round (18) = 0.629 0.356 0.015
PRB utilization at t=1: 125.731556/125.731556, 71.268444/71.268444, 3.000000/3.000000
PRB utilization at t=2: 125.731556/125.731556, 71.268444/71.268444, 0.979181/3.000000
PRB utilization at t=3: 125.731556/125.731556, 71.268444/71.268444, 3.000000/3.000000
PRB utilization at t=4: 125.731556/125.731556, 71.268444/71.268444, 0.649764/3.000000
PRB utilization at t=5: 125.731556/125.731556, 71.268444/71.268444, 0.393764/3.000000
PRB utilization at t=6: 125.731556/125.731556, 71.268444/71.268444, 0.078301/3.000000
PRB utilization at t=7: 125.731556/125.731556, 71.268444/71.268444, 0.346985/3.000000
PRB utilization at t=8: 125.731556/125.731556, 71.268444/71.268444, 1.582513/3.000000
PRB utilization at t=9: 125.731556/125.731556, 71.268444/71.268444, 0.164971/3.000000
PRB utilization at t=10: 125.731556/125.731556, 71.268444/71.268444, 1.363117/3.000000

avg prb utilization at round (19) = 0.991
slicing ratio updated after round (19) = 0.640 0.160 0.200
PRB utilization at t=1: 128.000000/128.000000, 32.000000/32.000000, 40.000000/40.000000
PRB utilization at t=2: 128.000000/128.000000, 32.000000/32.000000, 0.229676/40.000000
PRB utilization at t=3: 128.000000/128.000000, 32.000000/32.000000, 1.712552/40.000000
PRB utilization at t=4: 128.000000/128.000000, 32.000000/32.000000, 0.579617/40.000000
PRB utilization at t=5: 128.000000/128.000000, 32.000000/32.000000, 0.363996/40.000000
PRB utilization at t=6: 128.000000/128.000000, 32.000000/32.000000, 0.436555/40.000000
PRB utilization at t=7: 128.000000/128.000000, 32.000000/32.000000, 1.505875/40.000000
PRB utilization at t=8: 128.000000/128.000000, 32.000000/32.000000, 6.343162/40.000000
PRB utilization at t=9: 128.000000/128.000000, 32.000000/32.000000, 1.111378/40.000000
PRB utilization at t=10: 128.000000/128.000000, 32.000000/32.000000, 9.786545/40.000000

avg prb utilization at round (20) = 0.831
Summary:
avg prb utilization at round (1) 0.486 0.143 0.125 0.251
avg prb utilization at round (2) 0.948 0.344 0.184 0.525
avg prb utilization at round (3) 0.692 0.997 0.162 0.666
avg prb utilization at round (4) 0.803 1.000 0.339 0.809
avg prb utilization at round (5) 1.000 0.538 0.277 0.591
avg prb utilization at round (6) 1.000 1.000 0.167 0.975
avg prb utilization at round (7) 1.000 0.835 0.510 0.871
avg prb utilization at round (8) 1.000 1.000 0.233 0.962
avg prb utilization at round (9) 1.000 1.000 0.164 0.924
avg prb utilization at round (10) 1.000 1.000 0.173 0.917
avg prb utilization at round (11) 1.000 0.991 0.200 0.834
avg prb utilization at round (12) 1.000 1.000 0.174 0.876
avg prb utilization at round (13) 1.000 1.000 0.225 0.961
avg prb utilization at round (14) 1.000 1.000 0.326 0.990
avg prb utilization at round (15) 1.000 1.000 0.214 0.961
avg prb utilization at round (16) 1.000 1.000 0.183 0.975
avg prb utilization at round (17) 1.000 1.000 0.267 0.927
avg prb utilization at round (18) 1.000 1.000 0.164 0.875
avg prb utilization at round (19) 1.000 1.000 0.385 0.991
avg prb utilization at round (20) 1.000 1.000 0.155 0.831
avg outage at round (1) 0.000 0.000 0.100 0.100
avg outage at round (2) 0.700 0.000 0.100 0.700
avg outage at round (3) 0.100 0.900 0.100 0.900
avg outage at round (4) 0.500 1.000 0.300 1.000
avg outage at round (5) 1.000 0.100 0.200 1.000
avg outage at round (6) 1.000 1.000 0.100 1.000
avg outage at round (7) 1.000 0.400 0.300 1.000
avg outage at round (8) 1.000 1.000 0.200 1.000
avg outage at round (9) 1.000 1.000 0.100 1.000
avg outage at round (10) 1.000 1.000 0.100 1.000
avg outage at round (11) 1.000 0.900 0.100 1.000
avg outage at round (12) 1.000 1.000 0.100 1.000
avg outage at round (13) 1.000 1.000 0.100 1.000
avg outage at round (14) 1.000 1.000 0.200 1.000
avg outage at round (15) 1.000 1.000 0.100 1.000
avg outage at round (16) 1.000 1.000 0.100 1.000
avg outage at round (17) 1.000 1.000 0.100 1.000
avg outage at round (18) 1.000 1.000 0.100 1.000
avg outage at round (19) 1.000 1.000 0.200 1.000
avg outage at round (20) 1.000 1.000 0.100 1.000
300.000000 -> 0.946382 0.892416 0.231367 0.835628 0.865000 0.815000 0.140000 0.935000
